<?xml version="1.0" encoding="UTF-8"?>
<!-- Generated by org.testng.reporters.JUnitReportReporter -->
<testsuite hostname="YP10003762LT" name="helloworldjenkins.helloworld1" tests="1" failures="0" timestamp="24 Aug 2017 11:26:27 GMT" time="0.005" errors="0">
  <testcase name="Hello" time="0.005" classname="helloworldjenkins.helloworld1"/>
</testsuite> <!-- helloworldjenkins.helloworld1 -->
