<?xml version="1.0" encoding="UTF-8"?>
<!-- Generated by org.testng.reporters.JUnitReportReporter -->
<testsuite hostname="YP10003762LT" name="helloworldjenkins.helloworld2" tests="1" failures="0" timestamp="24 Aug 2017 11:26:27 GMT" time="0.014" errors="0">
  <testcase name="Hello2test" time="0.014" classname="helloworldjenkins.helloworld2"/>
</testsuite> <!-- helloworldjenkins.helloworld2 -->
